<?xml version="1.0" encoding="UTF-8" standalone="no"?>
<!DOCTYPE log SYSTEM "logger.dtd">
<log>
<record>
  <date>2020-10-31T23:40:45.438140500Z</date>
  <millis>1604187645438</millis>
  <nanos>140500</nanos>
  <sequence>0</sequence>
  <logger>haidar logger</logger>
  <level>INFO</level>
  <class>prorcet.FileControl</class>
  <method>chooser</method>
  <thread>17</thread>
  <message>success take file</message>
</record>
</log>
<?xml version="1.0" encoding="UTF-8" standalone="no"?>
<!DOCTYPE log SYSTEM "logger.dtd">
<log>
<record>
  <date>2020-10-31T23:50:08.043294200Z</date>
  <millis>1604188208043</millis>
  <nanos>294200</nanos>
  <sequence>0</sequence>
  <logger>haidar logger</logger>
  <level>INFO</level>
  <class>prorcet.FileControl</class>
  <method>chooser</method>
  <thread>17</thread>
  <message>success take file</message>
</record>
